<?xml version="1.0" encoding="UTF-8"?>
<testng-results ignored="0" total="1" passed="1" failed="0" skipped="0">
  <reporter-output>
  </reporter-output>
  <suite started-at="2026-03-14T00:27:35 IST" name="Surefire suite" finished-at="2026-03-14T00:27:40 IST" duration-ms="5597">
    <groups>
    </groups>
    <test started-at="2026-03-14T00:27:35 IST" name="Surefire test" finished-at="2026-03-14T00:27:40 IST" duration-ms="5597">
      <class name="tests.LoginTest">
        <test-method is-config="true" signature="setUp()[pri:0, instance:tests.LoginTest@d4342c2]" started-at="2026-03-14T00:27:35 IST" name="setUp" finished-at="2026-03-14T00:27:38 IST" duration-ms="3329" status="PASS">
          <reporter-output>
          </reporter-output>
        </test-method> <!-- setUp -->
        <test-method signature="testValidLogin()[pri:0, instance:tests.LoginTest@d4342c2]" started-at="2026-03-14T00:27:38 IST" name="testValidLogin" finished-at="2026-03-14T00:27:40 IST" duration-ms="2222" status="PASS">
          <reporter-output>
          </reporter-output>
        </test-method> <!-- testValidLogin -->
        <test-method is-config="true" signature="gearDown()[pri:0, instance:tests.LoginTest@d4342c2]" started-at="2026-03-14T00:27:40 IST" name="gearDown" finished-at="2026-03-14T00:27:40 IST" duration-ms="2" status="PASS">
          <reporter-output>
          </reporter-output>
        </test-method> <!-- gearDown -->
      </class> <!-- tests.LoginTest -->
    </test> <!-- Surefire test -->
  </suite> <!-- Surefire suite -->
</testng-results>
