<?xml version="1.0" encoding="UTF-8"?>
<!-- Generated by org.testng.reporters.JUnitXMLReporter -->
<testsuite ignored="0" hostname="Vishwanath" failures="1" tests="1" name="LoginTests" time="7.129" errors="0" timestamp="2026-03-14T00:39:33 IST">
  <testcase classname="tests.LoginTest" name="testValidLogin" time="3.205">
    <failure type="java.lang.AssertionError" message="expected [Just a moment...] but found [Dashboard / nopCommerce administration]">
      <![CDATA[java.lang.AssertionError: expected [Just a moment...] but found [Dashboard / nopCommerce administration]
at tests.LoginTest.testValidLogin(LoginTest.java:21)
at java.base/java.util.ArrayList.forEach(ArrayList.java:1511)
... Removed 33 stack frames]]>
    </failure>
  </testcase> <!-- testValidLogin -->
</testsuite> <!-- LoginTests -->
